PLINK v1.90b3w 64-bit (3 Sep 2015)
Options in effect:
  --allow-extra-chr
  --bfile /s/nath-lab/alsamman/__Data__/1000GenomeData_phase3_2013_PEL/plinkformat/AMR
  --chr 1-22
  --extract snpList_unix.txt
  --make-bed
  --out extracted_data/Hisp

Hostname: cb020
Working directory: /s/nath-lab/alsamman/____MyCodes____/getMinorAllele
Start time: Thu Nov 13 16:58:43 2025

Random number seed: 1763053123
128807 MB RAM detected; reserving 64403 MB for main workspace.
80855722 variants loaded from .bim file.
347 people (170 males, 177 females) loaded from .fam.
347 phenotype values loaded from .fam.
--extract: 111 variants remaining.
Warning: At least 1 duplicate ID in --extract file.
Using 1 thread (no multithreaded calculations invoked.
Before main variant filters, 347 founders and 0 nonfounders present.
Calculating allele frequencies... done.
111 variants and 347 people pass filters and QC.
Among remaining phenotypes, 0 are cases and 347 are controls.
--make-bed to extracted_data/Hisp.bed + extracted_data/Hisp.bim +
extracted_data/Hisp.fam ... done.

End time: Thu Nov 13 16:59:24 2025
